[debug] [2025-03-31T07:57:35.319Z] ----------------------------------------------------------------------
[debug] [2025-03-31T07:57:35.321Z] Command:       /usr/local/nvm/versions/node/v22.14.0/bin/node /usr/local/node_packages/node_modules/.bin/firebase init
[debug] [2025-03-31T07:57:35.322Z] CLI Version:   13.28.0
[debug] [2025-03-31T07:57:35.322Z] Platform:      linux
[debug] [2025-03-31T07:57:35.322Z] Node Version:  v22.14.0
[debug] [2025-03-31T07:57:35.323Z] Time:          Mon Mar 31 2025 07:57:35 GMT+0000 (Coordinated Universal Time)
[debug] [2025-03-31T07:57:35.323Z] ----------------------------------------------------------------------
[debug] 
[debug] [2025-03-31T07:57:35.329Z] > command requires scopes: ["email","openid","https://www.googleapis.com/auth/cloudplatformprojects.readonly","https://www.googleapis.com/auth/firebase","https://www.googleapis.com/auth/cloud-platform"]
[debug] [2025-03-31T07:57:36.497Z] Running auto auth
[info] 
     ######## #### ########  ######## ########     ###     ######  ########
     ##        ##  ##     ## ##       ##     ##  ##   ##  ##       ##
     ######    ##  ########  ######   ########  #########  ######  ######
     ##        ##  ##    ##  ##       ##     ## ##     ##       ## ##
     ##       #### ##     ## ######## ########  ##     ##  ######  ########

You're about to initialize a Firebase project in this directory:

  /home/gibsonezeh6/appf

[info] 
=== Project Setup
[info] 
[info] First, let's associate this project directory with a Firebase project.
[info] You can create multiple project aliases by running firebase use --add, 
[info] but for now we'll just set up a default project.
[info] 
[debug] [2025-03-31T07:57:53.668Z] No OAuth tokens found
[debug] [2025-03-31T07:57:53.670Z] >>> [apiv2][query] GET https://firebase.googleapis.com/v1beta1/projects pageSize=100
[debug] [2025-03-31T07:57:54.082Z] <<< [apiv2][status] GET https://firebase.googleapis.com/v1beta1/projects 200
[debug] [2025-03-31T07:57:54.082Z] <<< [apiv2][body] GET https://firebase.googleapis.com/v1beta1/projects [omitted]
[info] i  Using project fabicx (Fobicx) 
[info] 
=== Dataconnect Setup
[debug] [2025-03-31T07:58:09.400Z] No OAuth tokens found
[debug] [2025-03-31T07:58:09.401Z] >>> [apiv2][query] GET https://cloudbilling.googleapis.com/v1/projects/fabicx/billingInfo [none]
[debug] [2025-03-31T07:58:09.609Z] <<< [apiv2][status] GET https://cloudbilling.googleapis.com/v1/projects/fabicx/billingInfo 200
[debug] [2025-03-31T07:58:09.609Z] <<< [apiv2][body] GET https://cloudbilling.googleapis.com/v1/projects/fabicx/billingInfo {"name":"projects/fabicx/billingInfo","projectId":"fabicx","billingAccountName":"","billingEnabled":false}
[info] i  dataconnect: ensuring required API sqladmin.googleapis.com is enabled... 
[debug] [2025-03-31T07:58:09.610Z] No OAuth tokens found
[debug] [2025-03-31T07:58:09.610Z] >>> [apiv2][query] GET https://serviceusage.googleapis.com/v1/projects/fabicx/services/sqladmin.googleapis.com [none]
[debug] [2025-03-31T07:58:09.610Z] >>> [apiv2][(partial)header] GET https://serviceusage.googleapis.com/v1/projects/fabicx/services/sqladmin.googleapis.com x-goog-quota-user=projects/fabicx
[debug] [2025-03-31T07:58:10.443Z] <<< [apiv2][status] GET https://serviceusage.googleapis.com/v1/projects/fabicx/services/sqladmin.googleapis.com 200
[debug] [2025-03-31T07:58:10.444Z] <<< [apiv2][body] GET https://serviceusage.googleapis.com/v1/projects/fabicx/services/sqladmin.googleapis.com [omitted]
[info] ✔  dataconnect: required API sqladmin.googleapis.com is enabled 
[info] ✔  Wrote dataconnect/dataconnect.yaml 
[info] ✔  Wrote dataconnect/schema/schema.gql 
[info] ✔  Wrote dataconnect/connector/connector.yaml 
[info] ✔  Wrote dataconnect/connector/queries.gql 
[info] ✔  Wrote dataconnect/connector/mutations.gql 
[info] i  If you'd like to add the generated SDK to your app your, run firebase init dataconnect:sdk 
[info] i  If you'd like to provision a CloudSQL Postgres instance on the Firebase Data Connect no-cost trial:
1. Please upgrade to the pay-as-you-go (Blaze) billing plan. Visit the following page:
     https://console.firebase.google.com/project/fabicx/usage/details
2. Run firebase init dataconnect again to configure the Cloud SQL instance.
3. Run firebase deploy --only dataconnect to deploy your Data Connect service. 
[info] 
=== Firestore Setup
[debug] [2025-03-31T07:58:10.454Z] No OAuth tokens found
[debug] [2025-03-31T07:58:10.454Z] >>> [apiv2][query] GET https://serviceusage.googleapis.com/v1/projects/fabicx/services/firestore.googleapis.com [none]
[debug] [2025-03-31T07:58:10.454Z] >>> [apiv2][(partial)header] GET https://serviceusage.googleapis.com/v1/projects/fabicx/services/firestore.googleapis.com x-goog-quota-user=projects/fabicx
[debug] [2025-03-31T07:58:10.777Z] <<< [apiv2][status] GET https://serviceusage.googleapis.com/v1/projects/fabicx/services/firestore.googleapis.com 200
[debug] [2025-03-31T07:58:10.778Z] <<< [apiv2][body] GET https://serviceusage.googleapis.com/v1/projects/fabicx/services/firestore.googleapis.com [omitted]
[debug] [2025-03-31T07:58:10.778Z] No OAuth tokens found
[debug] [2025-03-31T07:58:10.778Z] >>> [apiv2][query] GET https://firestore.googleapis.com/v1/projects/fabicx/databases/(default) [none]
[debug] [2025-03-31T07:58:11.501Z] <<< [apiv2][status] GET https://firestore.googleapis.com/v1/projects/fabicx/databases/(default) 200
[debug] [2025-03-31T07:58:11.501Z] <<< [apiv2][body] GET https://firestore.googleapis.com/v1/projects/fabicx/databases/(default) {"name":"projects/fabicx/databases/(default)","uid":"6b491a62-c135-4604-a6e8-801232cb28dd","createTime":"2025-02-24T20:45:09.255506Z","updateTime":"2025-02-24T20:45:09.255506Z","locationId":"nam5","type":"FIRESTORE_NATIVE","concurrencyMode":"PESSIMISTIC","versionRetentionPeriod":"3600s","earliestVersionTime":"2025-03-31T06:58:11.447474Z","appEngineIntegrationMode":"DISABLED","keyPrefix":"s","pointInTimeRecoveryEnablement":"POINT_IN_TIME_RECOVERY_DISABLED","deleteProtectionState":"DELETE_PROTECTION_DISABLED","databaseEdition":"STANDARD","freeTier":true,"etag":"IJPwxcDss4wDMNvj3M+dqYwD"}
[debug] [2025-03-31T07:58:11.501Z] database_type: FIRESTORE_NATIVE
[debug] [2025-03-31T07:58:11.501Z] database_type: FIRESTORE_NATIVE
[debug] [2025-03-31T07:58:11.502Z] > command requires scopes: ["email","openid","https://www.googleapis.com/auth/cloudplatformprojects.readonly","https://www.googleapis.com/auth/firebase","https://www.googleapis.com/auth/cloud-platform"]
[debug] [2025-03-31T07:58:11.502Z] Running auto auth
[debug] [2025-03-31T07:58:11.507Z] [iam] checking project fabicx for permissions ["firebase.projects.get"]
[debug] [2025-03-31T07:58:11.507Z] No OAuth tokens found
[debug] [2025-03-31T07:58:11.507Z] >>> [apiv2][query] POST https://cloudresourcemanager.googleapis.com/v1/projects/fabicx:testIamPermissions [none]
[debug] [2025-03-31T07:58:11.507Z] >>> [apiv2][(partial)header] POST https://cloudresourcemanager.googleapis.com/v1/projects/fabicx:testIamPermissions x-goog-quota-user=projects/fabicx
[debug] [2025-03-31T07:58:11.508Z] >>> [apiv2][body] POST https://cloudresourcemanager.googleapis.com/v1/projects/fabicx:testIamPermissions {"permissions":["firebase.projects.get"]}
[debug] [2025-03-31T07:58:12.123Z] <<< [apiv2][status] POST https://cloudresourcemanager.googleapis.com/v1/projects/fabicx:testIamPermissions 200
[debug] [2025-03-31T07:58:12.123Z] <<< [apiv2][body] POST https://cloudresourcemanager.googleapis.com/v1/projects/fabicx:testIamPermissions {"permissions":["firebase.projects.get"]}
[info] 
[info] Firestore Security Rules allow you to define how and when to allow
[info] requests. You can keep these rules in your project directory
[info] and publish them with firebase deploy.
[info] 
[debug] [2025-03-31T07:58:16.483Z] No OAuth tokens found
[debug] [2025-03-31T07:58:16.483Z] >>> [apiv2][query] GET https://firebaserules.googleapis.com/v1/projects/fabicx/releases pageSize=10&pageToken=
[debug] [2025-03-31T07:58:17.151Z] <<< [apiv2][status] GET https://firebaserules.googleapis.com/v1/projects/fabicx/releases 200
[debug] [2025-03-31T07:58:17.151Z] <<< [apiv2][body] GET https://firebaserules.googleapis.com/v1/projects/fabicx/releases {"releases":[{"name":"projects/fabicx/releases/cloud.firestore","rulesetName":"projects/fabicx/rulesets/9b385d2a-e563-4722-8a09-fdbd0e4b217d","createTime":"2025-02-24T20:45:20.189860Z","updateTime":"2025-02-24T20:50:14.630756Z"}]}
[debug] [2025-03-31T07:58:17.151Z] Found ruleset: projects/fabicx/rulesets/9b385d2a-e563-4722-8a09-fdbd0e4b217d
[debug] [2025-03-31T07:58:17.151Z] No OAuth tokens found
[debug] [2025-03-31T07:58:17.152Z] >>> [apiv2][query] GET https://firebaserules.googleapis.com/v1/projects/fabicx/rulesets/9b385d2a-e563-4722-8a09-fdbd0e4b217d [none]
[debug] [2025-03-31T07:58:17.789Z] <<< [apiv2][status] GET https://firebaserules.googleapis.com/v1/projects/fabicx/rulesets/9b385d2a-e563-4722-8a09-fdbd0e4b217d 200
[debug] [2025-03-31T07:58:17.789Z] <<< [apiv2][body] GET https://firebaserules.googleapis.com/v1/projects/fabicx/rulesets/9b385d2a-e563-4722-8a09-fdbd0e4b217d [omitted]
[info] 
[info] Firestore indexes allow you to perform complex queries while
[info] maintaining performance that scales with the size of the result
[info] set. You can keep index definitions in your project directory
[info] and publish them with firebase deploy.
[info] 
[debug] [2025-03-31T07:58:21.522Z] No OAuth tokens found
[debug] [2025-03-31T07:58:21.523Z] No OAuth tokens found
[debug] [2025-03-31T07:58:21.523Z] >>> [apiv2][query] GET https://firestore.googleapis.com/v1/projects/fabicx/databases/(default)/collectionGroups/-/indexes [none]
[debug] [2025-03-31T07:58:21.524Z] >>> [apiv2][query] GET https://firestore.googleapis.com/v1/projects/fabicx/databases/(default)/collectionGroups/-/fields?filter=indexConfig.usesAncestorConfig=false OR ttlConfig:* [none]
[debug] [2025-03-31T07:58:22.224Z] <<< [apiv2][status] GET https://firestore.googleapis.com/v1/projects/fabicx/databases/(default)/collectionGroups/-/fields?filter=indexConfig.usesAncestorConfig=false OR ttlConfig:* 200
[debug] [2025-03-31T07:58:22.225Z] <<< [apiv2][body] GET https://firestore.googleapis.com/v1/projects/fabicx/databases/(default)/collectionGroups/-/fields?filter=indexConfig.usesAncestorConfig=false OR ttlConfig:* {"fields":[{"name":"projects/fabicx/databases/(default)/collectionGroups/__default__/fields/*","indexConfig":{"indexes":[{"queryScope":"COLLECTION","fields":[{"fieldPath":"*","order":"ASCENDING"}],"state":"READY"},{"queryScope":"COLLECTION","fields":[{"fieldPath":"*","order":"DESCENDING"}],"state":"READY"},{"queryScope":"COLLECTION","fields":[{"fieldPath":"*","arrayConfig":"CONTAINS"}],"state":"READY"}]}}]}
[debug] [2025-03-31T07:58:22.238Z] <<< [apiv2][status] GET https://firestore.googleapis.com/v1/projects/fabicx/databases/(default)/collectionGroups/-/indexes 200
[debug] [2025-03-31T07:58:22.239Z] <<< [apiv2][body] GET https://firestore.googleapis.com/v1/projects/fabicx/databases/(default)/collectionGroups/-/indexes {}
[info] 
=== Genkit Setup
[warn] ⚠  genkit: Stopped Genkit initialization 
[info] 
=== Functions Setup
[debug] [2025-03-31T07:58:38.003Z] > command requires scopes: ["email","openid","https://www.googleapis.com/auth/cloudplatformprojects.readonly","https://www.googleapis.com/auth/firebase","https://www.googleapis.com/auth/cloud-platform"]
[debug] [2025-03-31T07:58:38.003Z] Running auto auth
[debug] [2025-03-31T07:58:38.006Z] [iam] checking project fabicx for permissions ["firebase.projects.get"]
[debug] [2025-03-31T07:58:38.007Z] No OAuth tokens found
[debug] [2025-03-31T07:58:38.007Z] >>> [apiv2][query] POST https://cloudresourcemanager.googleapis.com/v1/projects/fabicx:testIamPermissions [none]
[debug] [2025-03-31T07:58:38.007Z] >>> [apiv2][(partial)header] POST https://cloudresourcemanager.googleapis.com/v1/projects/fabicx:testIamPermissions x-goog-quota-user=projects/fabicx
[debug] [2025-03-31T07:58:38.007Z] >>> [apiv2][body] POST https://cloudresourcemanager.googleapis.com/v1/projects/fabicx:testIamPermissions {"permissions":["firebase.projects.get"]}
[debug] [2025-03-31T07:58:38.145Z] <<< [apiv2][status] POST https://cloudresourcemanager.googleapis.com/v1/projects/fabicx:testIamPermissions 200
[debug] [2025-03-31T07:58:38.146Z] <<< [apiv2][body] POST https://cloudresourcemanager.googleapis.com/v1/projects/fabicx:testIamPermissions {"permissions":["firebase.projects.get"]}
[debug] [2025-03-31T07:58:38.146Z] No OAuth tokens found
[debug] [2025-03-31T07:58:38.146Z] No OAuth tokens found
[debug] [2025-03-31T07:58:38.146Z] >>> [apiv2][query] GET https://serviceusage.googleapis.com/v1/projects/fabicx/services/cloudfunctions.googleapis.com [none]
[debug] [2025-03-31T07:58:38.146Z] >>> [apiv2][(partial)header] GET https://serviceusage.googleapis.com/v1/projects/fabicx/services/cloudfunctions.googleapis.com x-goog-quota-user=projects/fabicx
[debug] [2025-03-31T07:58:38.148Z] >>> [apiv2][query] GET https://serviceusage.googleapis.com/v1/projects/fabicx/services/runtimeconfig.googleapis.com [none]
[debug] [2025-03-31T07:58:38.148Z] >>> [apiv2][(partial)header] GET https://serviceusage.googleapis.com/v1/projects/fabicx/services/runtimeconfig.googleapis.com x-goog-quota-user=projects/fabicx
[debug] [2025-03-31T07:58:38.478Z] <<< [apiv2][status] GET https://serviceusage.googleapis.com/v1/projects/fabicx/services/cloudfunctions.googleapis.com 200
[debug] [2025-03-31T07:58:38.478Z] <<< [apiv2][body] GET https://serviceusage.googleapis.com/v1/projects/fabicx/services/cloudfunctions.googleapis.com [omitted]
[debug] [2025-03-31T07:58:38.478Z] No OAuth tokens found
[debug] [2025-03-31T07:58:38.479Z] >>> [apiv2][query] POST https://serviceusage.googleapis.com/v1/projects/fabicx/services/cloudfunctions.googleapis.com:enable [none]
[debug] [2025-03-31T07:58:38.479Z] >>> [apiv2][(partial)header] POST https://serviceusage.googleapis.com/v1/projects/fabicx/services/cloudfunctions.googleapis.com:enable x-goog-quota-user=projects/fabicx
[debug] [2025-03-31T07:58:38.918Z] <<< [apiv2][status] GET https://serviceusage.googleapis.com/v1/projects/fabicx/services/runtimeconfig.googleapis.com 200
[debug] [2025-03-31T07:58:38.918Z] <<< [apiv2][body] GET https://serviceusage.googleapis.com/v1/projects/fabicx/services/runtimeconfig.googleapis.com [omitted]
[debug] [2025-03-31T07:58:39.254Z] <<< [apiv2][status] POST https://serviceusage.googleapis.com/v1/projects/fabicx/services/cloudfunctions.googleapis.com:enable 200
[debug] [2025-03-31T07:58:39.254Z] <<< [apiv2][body] POST https://serviceusage.googleapis.com/v1/projects/fabicx/services/cloudfunctions.googleapis.com:enable [omitted]
[debug] [2025-03-31T07:58:49.260Z] No OAuth tokens found
[debug] [2025-03-31T07:58:49.260Z] >>> [apiv2][query] GET https://serviceusage.googleapis.com/v1/projects/fabicx/services/cloudfunctions.googleapis.com [none]
[debug] [2025-03-31T07:58:49.260Z] >>> [apiv2][(partial)header] GET https://serviceusage.googleapis.com/v1/projects/fabicx/services/cloudfunctions.googleapis.com x-goog-quota-user=projects/fabicx
[debug] [2025-03-31T07:58:50.095Z] <<< [apiv2][status] GET https://serviceusage.googleapis.com/v1/projects/fabicx/services/cloudfunctions.googleapis.com 200
[debug] [2025-03-31T07:58:50.095Z] <<< [apiv2][body] GET https://serviceusage.googleapis.com/v1/projects/fabicx/services/cloudfunctions.googleapis.com [omitted]
[info] Let's create a new codebase for your functions.
[info] A directory corresponding to the codebase will be created in your project
[info] with sample code pre-configured.

[info] See https://firebase.google.com/docs/functions/organize-functions for
[info] more information on organizing your functions using codebases.

[info] Functions can be deployed with firebase deploy.

[info] ✔  Wrote functions/package.json 
[info] ✔  Wrote functions/.eslintrc.js 
[info] ✔  Wrote functions/index.js 
[info] ✔  Wrote functions/.gitignore 
[info] 
=== Apphosting Setup
[debug] [2025-03-31T07:59:34.176Z] No OAuth tokens found
[debug] [2025-03-31T07:59:34.176Z] >>> [apiv2][query] GET https://cloudbilling.googleapis.com/v1/projects/fabicx/billingInfo [none]
[debug] [2025-03-31T07:59:34.359Z] <<< [apiv2][status] GET https://cloudbilling.googleapis.com/v1/projects/fabicx/billingInfo 200
[debug] [2025-03-31T07:59:34.360Z] <<< [apiv2][body] GET https://cloudbilling.googleapis.com/v1/projects/fabicx/billingInfo {"name":"projects/fabicx/billingInfo","projectId":"fabicx","billingAccountName":"","billingEnabled":false}
[info] i  Writing default settings to apphosting.yaml... 
[info] ✔  Wrote apphosting.yaml 
[info] ✔  Create a new App Hosting backend with `firebase apphosting:backends:create` 
[info] 
=== Hosting Setup
[debug] [2025-03-31T07:59:34.362Z] No OAuth tokens found
[debug] [2025-03-31T07:59:34.362Z] >>> [apiv2][query] GET https://firebase.googleapis.com/v1beta1/projects/fabicx [none]
[debug] [2025-03-31T07:59:34.566Z] <<< [apiv2][status] GET https://firebase.googleapis.com/v1beta1/projects/fabicx 200
[debug] [2025-03-31T07:59:34.566Z] <<< [apiv2][body] GET https://firebase.googleapis.com/v1beta1/projects/fabicx {"projectId":"fabicx","projectNumber":"833897904391","displayName":"Fobicx","name":"projects/fabicx","resources":{"hostingSite":"fabicx","realtimeDatabaseInstance":"fabicx-default-rtdb"},"state":"ACTIVE","etag":"1_53ecce94-789a-45bd-bee5-cf9b663e31d1"}
[info] 
[info] Your public directory is the folder (relative to your project directory) that
[info] will contain Hosting assets to be uploaded with firebase deploy. If you
[info] have a build process for your assets, use your build's output directory.
[info] 
[info] ✔  Wrote public/404.html 
[debug] [2025-03-31T08:01:42.387Z] >>> [apiv2][query] GET https://www.gstatic.com/firebasejs/releases.json [none]
[debug] [2025-03-31T08:01:42.401Z] <<< [apiv2][status] GET https://www.gstatic.com/firebasejs/releases.json 200
[debug] [2025-03-31T08:01:42.402Z] <<< [apiv2][body] GET https://www.gstatic.com/firebasejs/releases.json {"current":{"version":"11.5.0","browserURL":"https://www.gstatic.com/firebasejs/11.5.0/firebase.js","packageURL":"https://www.gstatic.com/firebasejs/11.5.0/firebase.tgz"},"live":{"version":"11.5","browserURL":"https://www.gstatic.com/firebasejs/live/11.5/firebase.js","packageURL":"https://www.gstatic.com/firebasejs/live/11.5/firebase.tgz"},"components":{"analytics":"https://www.gstatic.com/firebasejs/11.5.0/firebase-analytics.js","app":"https://www.gstatic.com/firebasejs/11.5.0/firebase-app.js","app-check":"https://www.gstatic.com/firebasejs/11.5.0/firebase-app-check.js","auth":"https://www.gstatic.com/firebasejs/11.5.0/firebase-auth.js","auth/cordova":"https://www.gstatic.com/firebasejs/11.5.0/firebase-auth/cordova.js","auth/web-extension":"https://www.gstatic.com/firebasejs/11.5.0/firebase-auth/web-extension.js","functions":"https://www.gstatic.com/firebasejs/11.5.0/firebase-functions.js","firestore":"https://www.gstatic.com/firebasejs/11.5.0/firebase-firestore.js","firestore/lite":"https://www.gstatic.com/firebasejs/11.5.0/firebase-firestore/lite.js","installations":"https://www.gstatic.com/firebasejs/11.5.0/firebase-installations.js","storage":"https://www.gstatic.com/firebasejs/11.5.0/firebase-storage.js","performance":"https://www.gstatic.com/firebasejs/11.5.0/firebase-performance.js","remote-config":"https://www.gstatic.com/firebasejs/11.5.0/firebase-remote-config.js","messaging":"https://www.gstatic.com/firebasejs/11.5.0/firebase-messaging.js","messaging/sw":"https://www.gstatic.com/firebasejs/11.5.0/firebase-messaging/sw.js","database":"https://www.gstatic.com/firebasejs/11.5.0/firebase-database.js","vertexai":"https://www.gstatic.com/firebasejs/11.5.0/firebase-vertexai.js","data-connect":"https://www.gstatic.com/firebasejs/11.5.0/firebase-data-connect.js","firestore.memory":"https://www.gstatic.com/firebasejs/11.5.0/firebase-firestore.memory.js"}}
[info] ✔  Wrote public/index.html 
[info] 
[info] i  Detected a .git folder at /home/gibsonezeh6/appf 
[info] i  Authorizing with GitHub to upload your service account to a GitHub repository's secrets store. 
[info] 
[info] Visit this URL on this device to log in:
[info] https://github.com/login/oauth/authorize?client_id=89cf50f02ac6aaed3484&state=981349929&redirect_uri=http%3A%2F%2Flocalhost%3A9006&scope=read%3Auser%20repo%20public_repo
[info] 
[info] Waiting for authentication...
