[debug] [2025-03-30T22:58:45.000Z] ----------------------------------------------------------------------
[debug] [2025-03-30T22:58:45.004Z] Command:       /usr/local/nvm/versions/node/v22.14.0/bin/node /usr/local/node_packages/node_modules/.bin/firebase init
[debug] [2025-03-30T22:58:45.004Z] CLI Version:   13.28.0
[debug] [2025-03-30T22:58:45.005Z] Platform:      linux
[debug] [2025-03-30T22:58:45.005Z] Node Version:  v22.14.0
[debug] [2025-03-30T22:58:45.005Z] Time:          Sun Mar 30 2025 22:58:45 GMT+0000 (Coordinated Universal Time)
[debug] [2025-03-30T22:58:45.005Z] ----------------------------------------------------------------------
[debug] 
[debug] [2025-03-30T22:58:45.011Z] >>> [apiv2][query] GET https://firebase-public.firebaseio.com/cli.json [none]
[debug] [2025-03-30T22:58:45.074Z] > command requires scopes: ["email","openid","https://www.googleapis.com/auth/cloudplatformprojects.readonly","https://www.googleapis.com/auth/firebase","https://www.googleapis.com/auth/cloud-platform"]
[debug] [2025-03-30T22:58:45.120Z] Running auto auth
[info] 
     ######## #### ########  ######## ########     ###     ######  ########
     ##        ##  ##     ## ##       ##     ##  ##   ##  ##       ##
     ######    ##  ########  ######   ########  #########  ######  ######
     ##        ##  ##    ##  ##       ##     ## ##     ##       ## ##
     ##       #### ##     ## ######## ########  ##     ##  ######  ########

You're about to initialize a Firebase project in this directory:

  /home/gibsonezeh6/appf/appf

[debug] [2025-03-30T22:58:45.335Z] <<< [apiv2][status] GET https://firebase-public.firebaseio.com/cli.json 200
[debug] [2025-03-30T22:58:45.336Z] <<< [apiv2][body] GET https://firebase-public.firebaseio.com/cli.json {"cloudBuildErrorAfter":1594252800000,"cloudBuildWarnAfter":1590019200000,"defaultNode10After":1594252800000,"minVersion":"3.0.5","node8DeploysDisabledAfter":1613390400000,"node8RuntimeDisabledAfter":1615809600000,"node8WarnAfter":1600128000000}
[info] 
=== Project Setup
[info] 
[info] First, let's associate this project directory with a Firebase project.
[info] You can create multiple project aliases by running firebase use --add, 
[info] but for now we'll just set up a default project.
[info] 
[debug] [2025-03-30T23:02:18.360Z] No OAuth tokens found
[debug] [2025-03-30T23:02:18.361Z] >>> [apiv2][query] GET https://firebase.googleapis.com/v1beta1/projects pageSize=100
[debug] [2025-03-30T23:02:18.572Z] <<< [apiv2][status] GET https://firebase.googleapis.com/v1beta1/projects 400
[debug] [2025-03-30T23:02:18.572Z] <<< [apiv2][body] GET https://firebase.googleapis.com/v1beta1/projects [omitted]
[debug] [2025-03-30T23:02:18.573Z] Request to https://firebase.googleapis.com/v1beta1/projects?pageSize=100 had HTTP Error: 400, Project 'projects/fobicx001' not found or deleted.
[debug] [2025-03-30T23:02:18.592Z] FirebaseError: Request to https://firebase.googleapis.com/v1beta1/projects?pageSize=100 had HTTP Error: 400, Project 'projects/fobicx001' not found or deleted.
    at responseToError (/usr/local/node_packages/node_modules/firebase-tools/lib/responseToError.js:52:12)
    at RetryOperation._fn (/usr/local/node_packages/node_modules/firebase-tools/lib/apiv2.js:312:77)
    at process.processTicksAndRejections (node:internal/process/task_queues:105:5)
[error] 
[error] Error: Failed to list Firebase projects. See firebase-debug.log for more info.
